<?xml version="1.0" encoding="UTF-8"?>
<testsuite xmlns:xsi="http://www.w3.org/2001/XMLSchema-instance" xsi:noNamespaceSchemaLocation="https://maven.apache.org/surefire/maven-surefire-plugin/xsd/surefire-test-report-3.0.xsd" version="3.0" name="com.example.demo.service.TaskServiceTest" time="0.301" tests="5" errors="0" skipped="0" failures="0">
  <properties>
[...]
</properties>
  <testcase name="getTaskById_whenNotFound_throwsResourceNotFound" classname="com.example.demo.service.TaskServiceTest" time="0.267"/>
  <testcase name="findTasksByStatus_delegatesToRepositoryAndMaps" classname="com.example.demo.service.TaskServiceTest" time="0.009"/>
  <testcase name="createTask_savesNewEntity_andReturnsDto" classname="com.example.demo.service.TaskServiceTest" time="0.006"/>
  <testcase name="getTaskById_returnsDtoWithCorrectValues" classname="com.example.demo.service.TaskServiceTest" time="0.001"/>
  <testcase name="findAllTasks_mapsEntitiesToDtos" classname="com.example.demo.service.TaskServiceTest" time="0.003"/>
</testsuite>